2003.09.29 08:40 B c:\Documents and Settings\hank\my documents\Hank\stream ecology\lectures\Streamecol_files\blank_notes.htm <-- Tulane Museum of Natural History /+STREAMECOL/lecture/Streamecol_files blank_notes.htm
2003.09.29 08:40 B c:\Documents and Settings\hank\my documents\Hank\stream ecology\lectures\Streamecol_files\endshow.htm <-- Tulane Museum of Natural History /+STREAMECOL/lecture/Streamecol_files endshow.htm
2003.09.29 08:40 B c:\Documents and Settings\hank\my documents\Hank\stream ecology\lectures\Streamecol_files\filelist.xml <-- Tulane Museum of Natural History /+STREAMECOL/lecture/Streamecol_files filelist.xml
2003.09.29 08:40 B c:\Documents and Settings\hank\my documents\Hank\stream ecology\lectures\Streamecol_files\master03_background.gif <-- Tulane Museum of Natural History /+STREAMECOL/lecture/Streamecol_files master03_background.gif
2003.09.29 08:40 B c:\Documents and Settings\hank\my documents\Hank\stream ecology\lectures\Streamecol_files\navigation_bar.htm <-- Tulane Museum of Natural History /+STREAMECOL/lecture/Streamecol_files navigation_bar.htm
2003.09.29 08:40 B c:\Documents and Settings\hank\my documents\Hank\stream ecology\lectures\Streamecol_files\next_active.gif <-- Tulane Museum of Natural History /+STREAMECOL/lecture/Streamecol_files next_active.gif
2003.09.29 08:40 B c:\Documents and Settings\hank\my documents\Hank\stream ecology\lectures\Streamecol_files\next_disabled.gif <-- Tulane Museum of Natural History /+STREAMECOL/lecture/Streamecol_files next_disabled.gif
2003.09.29 08:40 B c:\Documents and Settings\hank\my documents\Hank\stream ecology\lectures\Streamecol_files\outline_collapse.gif <-- Tulane Museum of Natural History /+STREAMECOL/lecture/Streamecol_files outline_collapse.gif
2003.09.29 08:40 B c:\Documents and Settings\hank\my documents\Hank\stream ecology\lectures\Streamecol_files\outline_collapsed.htm <-- Tulane Museum of Natural History /+STREAMECOL/lecture/Streamecol_files outline_collapsed.htm
2003.09.29 08:40 B c:\Documents and Settings\hank\my documents\Hank\stream ecology\lectures\Streamecol_files\outline_expand.gif <-- Tulane Museum of Natural History /+STREAMECOL/lecture/Streamecol_files outline_expand.gif
2003.09.29 08:40 B c:\Documents and Settings\hank\my documents\Hank\stream ecology\lectures\Streamecol_files\outline_expanded.htm <-- Tulane Museum of Natural History /+STREAMECOL/lecture/Streamecol_files outline_expanded.htm
2003.09.29 08:40 B c:\Documents and Settings\hank\my documents\Hank\stream ecology\lectures\Streamecol_files\outline_navigation_bar.htm <-- Tulane Museum of Natural History /+STREAMECOL/lecture/Streamecol_files outline_navigation_bar.htm
2003.09.29 08:40 B c:\Documents and Settings\hank\my documents\Hank\stream ecology\lectures\Streamecol_files\prev_active.gif <-- Tulane Museum of Natural History /+STREAMECOL/lecture/Streamecol_files prev_active.gif
2003.09.29 08:40 B c:\Documents and Settings\hank\my documents\Hank\stream ecology\lectures\Streamecol_files\prev_disabled.gif <-- Tulane Museum of Natural History /+STREAMECOL/lecture/Streamecol_files prev_disabled.gif
2003.09.29 08:40 B c:\Documents and Settings\hank\my documents\Hank\stream ecology\lectures\Streamecol_files\slide0002.htm <-- Tulane Museum of Natural History /+STREAMECOL/lecture/Streamecol_files slide0002.htm
2003.09.29 08:40 B c:\Documents and Settings\hank\my documents\Hank\stream ecology\lectures\Streamecol_files\slide0002_background.jpg <-- Tulane Museum of Natural History /+STREAMECOL/lecture/Streamecol_files slide0002_background.jpg
2003.09.29 08:40 B c:\Documents and Settings\hank\my documents\Hank\stream ecology\lectures\Streamecol_files\slide0002_image009.jpg <-- Tulane Museum of Natural History /+STREAMECOL/lecture/Streamecol_files slide0002_image009.jpg
2003.09.29 08:40 B c:\Documents and Settings\hank\my documents\Hank\stream ecology\lectures\Streamecol_files\slide0002_image010.jpg <-- Tulane Museum of Natural History /+STREAMECOL/lecture/Streamecol_files slide0002_image010.jpg
2003.09.29 08:40 B c:\Documents and Settings\hank\my documents\Hank\stream ecology\lectures\Streamecol_files\slide0003.htm <-- Tulane Museum of Natural History /+STREAMECOL/lecture/Streamecol_files slide0003.htm
2003.09.29 08:40 B c:\Documents and Settings\hank\my documents\Hank\stream ecology\lectures\Streamecol_files\slide0003_background.jpg <-- Tulane Museum of Natural History /+STREAMECOL/lecture/Streamecol_files slide0003_background.jpg
2003.09.29 08:40 B c:\Documents and Settings\hank\my documents\Hank\stream ecology\lectures\Streamecol_files\slide0003_image001.jpg <-- Tulane Museum of Natural History /+STREAMECOL/lecture/Streamecol_files slide0003_image001.jpg
2003.09.29 08:40 B c:\Documents and Settings\hank\my documents\Hank\stream ecology\lectures\Streamecol_files\slide0003_image002.jpg <-- Tulane Museum of Natural History /+STREAMECOL/lecture/Streamecol_files slide0003_image002.jpg
2003.09.29 08:40 B c:\Documents and Settings\hank\my documents\Hank\stream ecology\lectures\Streamecol_files\slide0003_image003.jpg <-- Tulane Museum of Natural History /+STREAMECOL/lecture/Streamecol_files slide0003_image003.jpg
2003.09.29 08:41 B c:\Documents and Settings\hank\my documents\Hank\stream ecology\lectures\Streamecol_files\slide0003_image004.jpg <-- Tulane Museum of Natural History /+STREAMECOL/lecture/Streamecol_files slide0003_image004.jpg
2003.09.29 08:41 B c:\Documents and Settings\hank\my documents\Hank\stream ecology\lectures\Streamecol_files\slide0003_image005.gif <-- Tulane Museum of Natural History /+STREAMECOL/lecture/Streamecol_files slide0003_image005.gif
2003.09.29 08:41 B c:\Documents and Settings\hank\my documents\Hank\stream ecology\lectures\Streamecol_files\slide0003_image006.jpg <-- Tulane Museum of Natural History /+STREAMECOL/lecture/Streamecol_files slide0003_image006.jpg
2003.09.29 08:41 B c:\Documents and Settings\hank\my documents\Hank\stream ecology\lectures\Streamecol_files\slide0003_image007.jpg <-- Tulane Museum of Natural History /+STREAMECOL/lecture/Streamecol_files slide0003_image007.jpg
2003.09.29 08:41 B c:\Documents and Settings\hank\my documents\Hank\stream ecology\lectures\Streamecol_files\slide0003_image008.jpg <-- Tulane Museum of Natural History /+STREAMECOL/lecture/Streamecol_files slide0003_image008.jpg
2003.09.29 08:41 B c:\Documents and Settings\hank\my documents\Hank\stream ecology\lectures\Streamecol_files\slide0004.htm <-- Tulane Museum of Natural History /+STREAMECOL/lecture/Streamecol_files slide0004.htm
2003.09.29 08:41 B c:\Documents and Settings\hank\my documents\Hank\stream ecology\lectures\Streamecol_files\slide0004_image011.jpg <-- Tulane Museum of Natural History /+STREAMECOL/lecture/Streamecol_files slide0004_image011.jpg
2003.09.29 08:41 B c:\Documents and Settings\hank\my documents\Hank\stream ecology\lectures\Streamecol_files\slide0004_image012.gif <-- Tulane Museum of Natural History /+STREAMECOL/lecture/Streamecol_files slide0004_image012.gif
2003.09.29 08:41 B c:\Documents and Settings\hank\my documents\Hank\stream ecology\lectures\Streamecol_files\slide0004_image013.jpg <-- Tulane Museum of Natural History /+STREAMECOL/lecture/Streamecol_files slide0004_image013.jpg
2003.09.29 08:41 B c:\Documents and Settings\hank\my documents\Hank\stream ecology\lectures\Streamecol_files\slide0004_image014.gif <-- Tulane Museum of Natural History /+STREAMECOL/lecture/Streamecol_files slide0004_image014.gif
2003.09.29 08:41 B c:\Documents and Settings\hank\my documents\Hank\stream ecology\lectures\Streamecol_files\slide0004_image015.jpg <-- Tulane Museum of Natural History /+STREAMECOL/lecture/Streamecol_files slide0004_image015.jpg
2003.09.29 08:41 B c:\Documents and Settings\hank\my documents\Hank\stream ecology\lectures\Streamecol_files\slide0005.htm <-- Tulane Museum of Natural History /+STREAMECOL/lecture/Streamecol_files slide0005.htm
2003.09.29 08:41 B c:\Documents and Settings\hank\my documents\Hank\stream ecology\lectures\Streamecol_files\slide0005_background.gif <-- Tulane Museum of Natural History /+STREAMECOL/lecture/Streamecol_files slide0005_background.gif
2003.09.29 08:41 B c:\Documents and Settings\hank\my documents\Hank\stream ecology\lectures\Streamecol_files\slide0005_image016.gif <-- Tulane Museum of Natural History /+STREAMECOL/lecture/Streamecol_files slide0005_image016.gif
2003.09.29 08:41 B c:\Documents and Settings\hank\my documents\Hank\stream ecology\lectures\Streamecol_files\slide0005_image017.jpg <-- Tulane Museum of Natural History /+STREAMECOL/lecture/Streamecol_files slide0005_image017.jpg
2003.09.29 08:41 B c:\Documents and Settings\hank\my documents\Hank\stream ecology\lectures\Streamecol_files\slide0006.htm <-- Tulane Museum of Natural History /+STREAMECOL/lecture/Streamecol_files slide0006.htm
2003.09.29 08:41 B c:\Documents and Settings\hank\my documents\Hank\stream ecology\lectures\Streamecol_files\slide0007.htm <-- Tulane Museum of Natural History /+STREAMECOL/lecture/Streamecol_files slide0007.htm
2003.09.29 08:41 B c:\Documents and Settings\hank\my documents\Hank\stream ecology\lectures\Streamecol_files\slide0008.htm <-- Tulane Museum of Natural History /+STREAMECOL/lecture/Streamecol_files slide0008.htm
2003.09.29 08:41 B c:\Documents and Settings\hank\my documents\Hank\stream ecology\lectures\Streamecol_files\slide0009.htm <-- Tulane Museum of Natural History /+STREAMECOL/lecture/Streamecol_files slide0009.htm
2003.09.29 08:41 B c:\Documents and Settings\hank\my documents\Hank\stream ecology\lectures\Streamecol_files\slide0009_image018.gif <-- Tulane Museum of Natural History /+STREAMECOL/lecture/Streamecol_files slide0009_image018.gif
2003.09.29 08:41 B c:\Documents and Settings\hank\my documents\Hank\stream ecology\lectures\Streamecol_files\slide0009_image019.gif <-- Tulane Museum of Natural History /+STREAMECOL/lecture/Streamecol_files slide0009_image019.gif
2003.09.29 08:41 B c:\Documents and Settings\hank\my documents\Hank\stream ecology\lectures\Streamecol_files\slide0009_image020.gif <-- Tulane Museum of Natural History /+STREAMECOL/lecture/Streamecol_files slide0009_image020.gif
2003.09.29 08:41 B c:\Documents and Settings\hank\my documents\Hank\stream ecology\lectures\Streamecol_files\slide0010.htm <-- Tulane Museum of Natural History /+STREAMECOL/lecture/Streamecol_files slide0010.htm
2003.09.29 08:41 B c:\Documents and Settings\hank\my documents\Hank\stream ecology\lectures\Streamecol_files\slide0010_image021.gif <-- Tulane Museum of Natural History /+STREAMECOL/lecture/Streamecol_files slide0010_image021.gif
2003.09.29 08:41 B c:\Documents and Settings\hank\my documents\Hank\stream ecology\lectures\Streamecol_files\slide0010_image022.jpg <-- Tulane Museum of Natural History /+STREAMECOL/lecture/Streamecol_files slide0010_image022.jpg
2003.09.29 08:41 B c:\Documents and Settings\hank\my documents\Hank\stream ecology\lectures\Streamecol_files\slide0010_image023.jpg <-- Tulane Museum of Natural History /+STREAMECOL/lecture/Streamecol_files slide0010_image023.jpg
2003.09.29 08:41 B c:\Documents and Settings\hank\my documents\Hank\stream ecology\lectures\Streamecol_files\slide0011.htm <-- Tulane Museum of Natural History /+STREAMECOL/lecture/Streamecol_files slide0011.htm
2003.09.29 08:41 B c:\Documents and Settings\hank\my documents\Hank\stream ecology\lectures\Streamecol_files\slide0011_background.jpg <-- Tulane Museum of Natural History /+STREAMECOL/lecture/Streamecol_files slide0011_background.jpg
2003.09.29 08:41 B c:\Documents and Settings\hank\my documents\Hank\stream ecology\lectures\Streamecol_files\slide0011_image024.gif <-- Tulane Museum of Natural History /+STREAMECOL/lecture/Streamecol_files slide0011_image024.gif
2003.09.29 08:41 B c:\Documents and Settings\hank\my documents\Hank\stream ecology\lectures\Streamecol_files\slide0011_image025.gif <-- Tulane Museum of Natural History /+STREAMECOL/lecture/Streamecol_files slide0011_image025.gif
2003.09.29 08:41 B c:\Documents and Settings\hank\my documents\Hank\stream ecology\lectures\Streamecol_files\slide0012.htm <-- Tulane Museum of Natural History /+STREAMECOL/lecture/Streamecol_files slide0012.htm
2003.09.29 08:41 B c:\Documents and Settings\hank\my documents\Hank\stream ecology\lectures\Streamecol_files\slide0012_background.gif <-- Tulane Museum of Natural History /+STREAMECOL/lecture/Streamecol_files slide0012_background.gif
2003.09.29 08:41 B c:\Documents and Settings\hank\my documents\Hank\stream ecology\lectures\Streamecol_files\slide0012_image026.gif <-- Tulane Museum of Natural History /+STREAMECOL/lecture/Streamecol_files slide0012_image026.gif
2003.09.29 08:41 B c:\Documents and Settings\hank\my documents\Hank\stream ecology\lectures\Streamecol_files\slide0012_image027.jpg <-- Tulane Museum of Natural History /+STREAMECOL/lecture/Streamecol_files slide0012_image027.jpg
2003.09.29 08:41 B c:\Documents and Settings\hank\my documents\Hank\stream ecology\lectures\Streamecol_files\slide0013.htm <-- Tulane Museum of Natural History /+STREAMECOL/lecture/Streamecol_files slide0013.htm
2003.09.29 08:41 B c:\Documents and Settings\hank\my documents\Hank\stream ecology\lectures\Streamecol_files\slide0013_background.jpg <-- Tulane Museum of Natural History /+STREAMECOL/lecture/Streamecol_files slide0013_background.jpg
2003.09.29 08:41 B c:\Documents and Settings\hank\my documents\Hank\stream ecology\lectures\Streamecol_files\slide0013_image028.gif <-- Tulane Museum of Natural History /+STREAMECOL/lecture/Streamecol_files slide0013_image028.gif
2003.09.29 08:41 B c:\Documents and Settings\hank\my documents\Hank\stream ecology\lectures\Streamecol_files\slide0013_image029.jpg <-- Tulane Museum of Natural History /+STREAMECOL/lecture/Streamecol_files slide0013_image029.jpg
2003.09.29 08:41 B c:\Documents and Settings\hank\my documents\Hank\stream ecology\lectures\Streamecol_files\slide0014.htm <-- Tulane Museum of Natural History /+STREAMECOL/lecture/Streamecol_files slide0014.htm
2003.09.29 08:41 B c:\Documents and Settings\hank\my documents\Hank\stream ecology\lectures\Streamecol_files\slide0014_image030.gif <-- Tulane Museum of Natural History /+STREAMECOL/lecture/Streamecol_files slide0014_image030.gif
2003.09.29 08:41 B c:\Documents and Settings\hank\my documents\Hank\stream ecology\lectures\Streamecol_files\slide0014_image031.gif <-- Tulane Museum of Natural History /+STREAMECOL/lecture/Streamecol_files slide0014_image031.gif
2003.09.29 08:41 B c:\Documents and Settings\hank\my documents\Hank\stream ecology\lectures\Streamecol_files\slide0014_image032.gif <-- Tulane Museum of Natural History /+STREAMECOL/lecture/Streamecol_files slide0014_image032.gif
2003.09.29 08:41 B c:\Documents and Settings\hank\my documents\Hank\stream ecology\lectures\Streamecol_files\slide0015.htm <-- Tulane Museum of Natural History /+STREAMECOL/lecture/Streamecol_files slide0015.htm
2003.09.29 08:41 B c:\Documents and Settings\hank\my documents\Hank\stream ecology\lectures\Streamecol_files\slide0015_image033.gif <-- Tulane Museum of Natural History /+STREAMECOL/lecture/Streamecol_files slide0015_image033.gif
2003.09.29 08:41 B c:\Documents and Settings\hank\my documents\Hank\stream ecology\lectures\Streamecol_files\slide0015_image034.gif <-- Tulane Museum of Natural History /+STREAMECOL/lecture/Streamecol_files slide0015_image034.gif
2003.09.29 08:41 B c:\Documents and Settings\hank\my documents\Hank\stream ecology\lectures\Streamecol_files\slide0015_image035.gif <-- Tulane Museum of Natural History /+STREAMECOL/lecture/Streamecol_files slide0015_image035.gif
2003.09.29 08:41 B c:\Documents and Settings\hank\my documents\Hank\stream ecology\lectures\Streamecol_files\slide0015_image036.jpg <-- Tulane Museum of Natural History /+STREAMECOL/lecture/Streamecol_files slide0015_image036.jpg
2003.09.29 08:41 B c:\Documents and Settings\hank\my documents\Hank\stream ecology\lectures\Streamecol_files\slide0015_image037.gif <-- Tulane Museum of Natural History /+STREAMECOL/lecture/Streamecol_files slide0015_image037.gif
2003.09.29 08:41 B c:\Documents and Settings\hank\my documents\Hank\stream ecology\lectures\Streamecol_files\slide0015_image038.jpg <-- Tulane Museum of Natural History /+STREAMECOL/lecture/Streamecol_files slide0015_image038.jpg
2003.09.29 08:41 B c:\Documents and Settings\hank\my documents\Hank\stream ecology\lectures\Streamecol_files\slide0016.htm <-- Tulane Museum of Natural History /+STREAMECOL/lecture/Streamecol_files slide0016.htm
2003.09.29 08:41 B c:\Documents and Settings\hank\my documents\Hank\stream ecology\lectures\Streamecol_files\slide0016_image039.gif <-- Tulane Museum of Natural History /+STREAMECOL/lecture/Streamecol_files slide0016_image039.gif
2003.09.29 08:41 B c:\Documents and Settings\hank\my documents\Hank\stream ecology\lectures\Streamecol_files\slide0016_image040.gif <-- Tulane Museum of Natural History /+STREAMECOL/lecture/Streamecol_files slide0016_image040.gif
2003.09.29 08:41 B c:\Documents and Settings\hank\my documents\Hank\stream ecology\lectures\Streamecol_files\slide0016_image041.jpg <-- Tulane Museum of Natural History /+STREAMECOL/lecture/Streamecol_files slide0016_image041.jpg
2003.09.29 08:41 B c:\Documents and Settings\hank\my documents\Hank\stream ecology\lectures\Streamecol_files\slide0016_image042.jpg <-- Tulane Museum of Natural History /+STREAMECOL/lecture/Streamecol_files slide0016_image042.jpg
2003.09.29 08:41 B c:\Documents and Settings\hank\my documents\Hank\stream ecology\lectures\Streamecol_files\slide0016_image043.jpg <-- Tulane Museum of Natural History /+STREAMECOL/lecture/Streamecol_files slide0016_image043.jpg
2003.09.29 08:41 B c:\Documents and Settings\hank\my documents\Hank\stream ecology\lectures\Streamecol_files\slide0016_image044.gif <-- Tulane Museum of Natural History /+STREAMECOL/lecture/Streamecol_files slide0016_image044.gif
2003.09.29 08:41 B c:\Documents and Settings\hank\my documents\Hank\stream ecology\lectures\Streamecol_files\slide0017.htm <-- Tulane Museum of Natural History /+STREAMECOL/lecture/Streamecol_files slide0017.htm
2003.09.29 08:41 B c:\Documents and Settings\hank\my documents\Hank\stream ecology\lectures\Streamecol_files\slide0017_image045.gif <-- Tulane Museum of Natural History /+STREAMECOL/lecture/Streamecol_files slide0017_image045.gif
2003.09.29 08:41 B c:\Documents and Settings\hank\my documents\Hank\stream ecology\lectures\Streamecol_files\slide0017_image046.gif <-- Tulane Museum of Natural History /+STREAMECOL/lecture/Streamecol_files slide0017_image046.gif
2003.09.29 08:41 B c:\Documents and Settings\hank\my documents\Hank\stream ecology\lectures\Streamecol_files\slide0017_image047.jpg <-- Tulane Museum of Natural History /+STREAMECOL/lecture/Streamecol_files slide0017_image047.jpg
2003.09.29 08:42 B c:\Documents and Settings\hank\my documents\Hank\stream ecology\lectures\Streamecol_files\slide0017_image048.jpg <-- Tulane Museum of Natural History /+STREAMECOL/lecture/Streamecol_files slide0017_image048.jpg
2003.09.29 08:42 B c:\Documents and Settings\hank\my documents\Hank\stream ecology\lectures\Streamecol_files\slide0017_image049.gif <-- Tulane Museum of Natural History /+STREAMECOL/lecture/Streamecol_files slide0017_image049.gif
2003.09.29 08:42 B c:\Documents and Settings\hank\my documents\Hank\stream ecology\lectures\Streamecol_files\slide0017_image050.jpg <-- Tulane Museum of Natural History /+STREAMECOL/lecture/Streamecol_files slide0017_image050.jpg
2003.09.29 08:42 B c:\Documents and Settings\hank\my documents\Hank\stream ecology\lectures\Streamecol_files\slide0017_image051.jpg <-- Tulane Museum of Natural History /+STREAMECOL/lecture/Streamecol_files slide0017_image051.jpg
2003.09.29 08:42 B c:\Documents and Settings\hank\my documents\Hank\stream ecology\lectures\Streamecol_files\slide0017_image052.jpg <-- Tulane Museum of Natural History /+STREAMECOL/lecture/Streamecol_files slide0017_image052.jpg
2003.09.29 08:42 B c:\Documents and Settings\hank\my documents\Hank\stream ecology\lectures\Streamecol_files\slide0017_image053.gif <-- Tulane Museum of Natural History /+STREAMECOL/lecture/Streamecol_files slide0017_image053.gif
2003.09.29 08:42 B c:\Documents and Settings\hank\my documents\Hank\stream ecology\lectures\Streamecol_files\slide0017_image054.jpg <-- Tulane Museum of Natural History /+STREAMECOL/lecture/Streamecol_files slide0017_image054.jpg
2003.09.29 08:42 B c:\Documents and Settings\hank\my documents\Hank\stream ecology\lectures\Streamecol_files\slide0018.htm <-- Tulane Museum of Natural History /+STREAMECOL/lecture/Streamecol_files slide0018.htm
2003.09.29 08:42 B c:\Documents and Settings\hank\my documents\Hank\stream ecology\lectures\Streamecol_files\slide0018_background.gif <-- Tulane Museum of Natural History /+STREAMECOL/lecture/Streamecol_files slide0018_background.gif
2003.09.29 08:42 B c:\Documents and Settings\hank\my documents\Hank\stream ecology\lectures\Streamecol_files\slide0018_image055.gif <-- Tulane Museum of Natural History /+STREAMECOL/lecture/Streamecol_files slide0018_image055.gif
2003.09.29 08:42 B c:\Documents and Settings\hank\my documents\Hank\stream ecology\lectures\Streamecol_files\slide0018_image056.gif <-- Tulane Museum of Natural History /+STREAMECOL/lecture/Streamecol_files slide0018_image056.gif
2003.09.29 08:42 B c:\Documents and Settings\hank\my documents\Hank\stream ecology\lectures\Streamecol_files\slide0018_image057.gif <-- Tulane Museum of Natural History /+STREAMECOL/lecture/Streamecol_files slide0018_image057.gif
2003.09.29 08:42 B c:\Documents and Settings\hank\my documents\Hank\stream ecology\lectures\Streamecol_files\slide0019.htm <-- Tulane Museum of Natural History /+STREAMECOL/lecture/Streamecol_files slide0019.htm
2003.09.29 08:42 B c:\Documents and Settings\hank\my documents\Hank\stream ecology\lectures\Streamecol_files\slide0020.htm <-- Tulane Museum of Natural History /+STREAMECOL/lecture/Streamecol_files slide0020.htm
2003.09.29 08:42 B c:\Documents and Settings\hank\my documents\Hank\stream ecology\lectures\Streamecol_files\slide0021.htm <-- Tulane Museum of Natural History /+STREAMECOL/lecture/Streamecol_files slide0021.htm
2003.09.29 08:42 B c:\Documents and Settings\hank\my documents\Hank\stream ecology\lectures\Streamecol_files\slide0021_image058.gif <-- Tulane Museum of Natural History /+STREAMECOL/lecture/Streamecol_files slide0021_image058.gif
2003.09.29 08:42 B c:\Documents and Settings\hank\my documents\Hank\stream ecology\lectures\Streamecol_files\slide0021_image059.gif <-- Tulane Museum of Natural History /+STREAMECOL/lecture/Streamecol_files slide0021_image059.gif
2003.09.29 08:42 B c:\Documents and Settings\hank\my documents\Hank\stream ecology\lectures\Streamecol_files\slide0022.htm <-- Tulane Museum of Natural History /+STREAMECOL/lecture/Streamecol_files slide0022.htm
2003.09.29 08:42 B c:\Documents and Settings\hank\my documents\Hank\stream ecology\lectures\Streamecol_files\slide0022_image060.gif <-- Tulane Museum of Natural History /+STREAMECOL/lecture/Streamecol_files slide0022_image060.gif
2003.09.29 08:42 B c:\Documents and Settings\hank\my documents\Hank\stream ecology\lectures\Streamecol_files\slide0022_image061.gif <-- Tulane Museum of Natural History /+STREAMECOL/lecture/Streamecol_files slide0022_image061.gif
2003.09.29 08:42 B c:\Documents and Settings\hank\my documents\Hank\stream ecology\lectures\Streamecol_files\slide0023.htm <-- Tulane Museum of Natural History /+STREAMECOL/lecture/Streamecol_files slide0023.htm
2003.09.29 08:42 B c:\Documents and Settings\hank\my documents\Hank\stream ecology\lectures\Streamecol_files\slide0023_background.gif <-- Tulane Museum of Natural History /+STREAMECOL/lecture/Streamecol_files slide0023_background.gif
2003.09.29 08:42 B c:\Documents and Settings\hank\my documents\Hank\stream ecology\lectures\Streamecol_files\slide0023_image062.gif <-- Tulane Museum of Natural History /+STREAMECOL/lecture/Streamecol_files slide0023_image062.gif
2003.09.29 08:42 B c:\Documents and Settings\hank\my documents\Hank\stream ecology\lectures\Streamecol_files\slide0023_image063.gif <-- Tulane Museum of Natural History /+STREAMECOL/lecture/Streamecol_files slide0023_image063.gif
2003.09.29 08:42 B c:\Documents and Settings\hank\my documents\Hank\stream ecology\lectures\Streamecol_files\slide0024.htm <-- Tulane Museum of Natural History /+STREAMECOL/lecture/Streamecol_files slide0024.htm
2003.09.29 08:42 B c:\Documents and Settings\hank\my documents\Hank\stream ecology\lectures\Streamecol_files\slide0024_background.jpg <-- Tulane Museum of Natural History /+STREAMECOL/lecture/Streamecol_files slide0024_background.jpg
2003.09.29 08:42 B c:\Documents and Settings\hank\my documents\Hank\stream ecology\lectures\Streamecol_files\slide0024_image064.jpg <-- Tulane Museum of Natural History /+STREAMECOL/lecture/Streamecol_files slide0024_image064.jpg
2003.09.29 08:42 B c:\Documents and Settings\hank\my documents\Hank\stream ecology\lectures\Streamecol_files\slide0024_image065.gif <-- Tulane Museum of Natural History /+STREAMECOL/lecture/Streamecol_files slide0024_image065.gif
2003.09.29 08:42 B c:\Documents and Settings\hank\my documents\Hank\stream ecology\lectures\Streamecol_files\slide0025.htm <-- Tulane Museum of Natural History /+STREAMECOL/lecture/Streamecol_files slide0025.htm
2003.09.29 08:42 B c:\Documents and Settings\hank\my documents\Hank\stream ecology\lectures\Streamecol_files\slide0025_image066.jpg <-- Tulane Museum of Natural History /+STREAMECOL/lecture/Streamecol_files slide0025_image066.jpg
2003.09.29 08:42 B c:\Documents and Settings\hank\my documents\Hank\stream ecology\lectures\Streamecol_files\slide0025_image067.jpg <-- Tulane Museum of Natural History /+STREAMECOL/lecture/Streamecol_files slide0025_image067.jpg
2003.09.29 08:42 B c:\Documents and Settings\hank\my documents\Hank\stream ecology\lectures\Streamecol_files\slide0025_image068.jpg <-- Tulane Museum of Natural History /+STREAMECOL/lecture/Streamecol_files slide0025_image068.jpg
2003.09.29 08:42 B c:\Documents and Settings\hank\my documents\Hank\stream ecology\lectures\Streamecol_files\slide0026.htm <-- Tulane Museum of Natural History /+STREAMECOL/lecture/Streamecol_files slide0026.htm
2003.09.29 08:42 B c:\Documents and Settings\hank\my documents\Hank\stream ecology\lectures\Streamecol_files\slide0026_image069.gif <-- Tulane Museum of Natural History /+STREAMECOL/lecture/Streamecol_files slide0026_image069.gif
2003.09.29 08:42 B c:\Documents and Settings\hank\my documents\Hank\stream ecology\lectures\Streamecol_files\slide0026_image070.jpg <-- Tulane Museum of Natural History /+STREAMECOL/lecture/Streamecol_files slide0026_image070.jpg
2003.09.29 08:42 B c:\Documents and Settings\hank\my documents\Hank\stream ecology\lectures\Streamecol_files\slide0026_image071.jpg <-- Tulane Museum of Natural History /+STREAMECOL/lecture/Streamecol_files slide0026_image071.jpg
2003.09.29 08:42 B c:\Documents and Settings\hank\my documents\Hank\stream ecology\lectures\Streamecol_files\slide0027.htm <-- Tulane Museum of Natural History /+STREAMECOL/lecture/Streamecol_files slide0027.htm
2003.09.29 08:42 B c:\Documents and Settings\hank\my documents\Hank\stream ecology\lectures\Streamecol_files\slide0027_image072.gif <-- Tulane Museum of Natural History /+STREAMECOL/lecture/Streamecol_files slide0027_image072.gif
2003.09.29 08:42 B c:\Documents and Settings\hank\my documents\Hank\stream ecology\lectures\Streamecol_files\slide0028.htm <-- Tulane Museum of Natural History /+STREAMECOL/lecture/Streamecol_files slide0028.htm
2003.09.29 08:42 B c:\Documents and Settings\hank\my documents\Hank\stream ecology\lectures\Streamecol_files\slide0028_image073.jpg <-- Tulane Museum of Natural History /+STREAMECOL/lecture/Streamecol_files slide0028_image073.jpg
2003.09.29 08:42 B c:\Documents and Settings\hank\my documents\Hank\stream ecology\lectures\Streamecol_files\slide0029.htm <-- Tulane Museum of Natural History /+STREAMECOL/lecture/Streamecol_files slide0029.htm
2003.09.29 08:42 B c:\Documents and Settings\hank\my documents\Hank\stream ecology\lectures\Streamecol_files\slide0029_image074.gif <-- Tulane Museum of Natural History /+STREAMECOL/lecture/Streamecol_files slide0029_image074.gif
2003.09.29 08:42 B c:\Documents and Settings\hank\my documents\Hank\stream ecology\lectures\Streamecol_files\slide0029_image075.gif <-- Tulane Museum of Natural History /+STREAMECOL/lecture/Streamecol_files slide0029_image075.gif
2003.09.29 08:42 B c:\Documents and Settings\hank\my documents\Hank\stream ecology\lectures\Streamecol_files\slide0029_image076.jpg <-- Tulane Museum of Natural History /+STREAMECOL/lecture/Streamecol_files slide0029_image076.jpg
2003.09.29 08:42 B c:\Documents and Settings\hank\my documents\Hank\stream ecology\lectures\Streamecol_files\slide0029_image077.jpg <-- Tulane Museum of Natural History /+STREAMECOL/lecture/Streamecol_files slide0029_image077.jpg
2003.09.29 08:42 B c:\Documents and Settings\hank\my documents\Hank\stream ecology\lectures\Streamecol_files\slide0030.htm <-- Tulane Museum of Natural History /+STREAMECOL/lecture/Streamecol_files slide0030.htm
2003.09.29 08:42 B c:\Documents and Settings\hank\my documents\Hank\stream ecology\lectures\Streamecol_files\slide0030_image081.gif <-- Tulane Museum of Natural History /+STREAMECOL/lecture/Streamecol_files slide0030_image081.gif
2003.09.29 08:42 B c:\Documents and Settings\hank\my documents\Hank\stream ecology\lectures\Streamecol_files\slide0030_image082.gif <-- Tulane Museum of Natural History /+STREAMECOL/lecture/Streamecol_files slide0030_image082.gif
2003.09.29 08:42 B c:\Documents and Settings\hank\my documents\Hank\stream ecology\lectures\Streamecol_files\slide0031.htm <-- Tulane Museum of Natural History /+STREAMECOL/lecture/Streamecol_files slide0031.htm
2003.09.29 08:42 B c:\Documents and Settings\hank\my documents\Hank\stream ecology\lectures\Streamecol_files\slide0031_image078.jpg <-- Tulane Museum of Natural History /+STREAMECOL/lecture/Streamecol_files slide0031_image078.jpg
2003.09.29 08:42 B c:\Documents and Settings\hank\my documents\Hank\stream ecology\lectures\Streamecol_files\slide0031_image079.jpg <-- Tulane Museum of Natural History /+STREAMECOL/lecture/Streamecol_files slide0031_image079.jpg
2003.09.29 08:42 B c:\Documents and Settings\hank\my documents\Hank\stream ecology\lectures\Streamecol_files\slide0032.htm <-- Tulane Museum of Natural History /+STREAMECOL/lecture/Streamecol_files slide0032.htm
2003.09.29 08:42 B c:\Documents and Settings\hank\my documents\Hank\stream ecology\lectures\Streamecol_files\slide0032_background.jpg <-- Tulane Museum of Natural History /+STREAMECOL/lecture/Streamecol_files slide0032_background.jpg
2003.09.29 08:42 B c:\Documents and Settings\hank\my documents\Hank\stream ecology\lectures\Streamecol_files\slide0033.htm <-- Tulane Museum of Natural History /+STREAMECOL/lecture/Streamecol_files slide0033.htm
2003.09.29 08:42 B c:\Documents and Settings\hank\my documents\Hank\stream ecology\lectures\Streamecol_files\slide0033_image080.jpg <-- Tulane Museum of Natural History /+STREAMECOL/lecture/Streamecol_files slide0033_image080.jpg
2003.09.29 08:42 B c:\Documents and Settings\hank\my documents\Hank\stream ecology\lectures\Streamecol_files\space.gif <-- Tulane Museum of Natural History /+STREAMECOL/lecture/Streamecol_files space.gif
2003.09.29 08:43 B c:\Documents and Settings\hank\my documents\Hank\stream ecology\lectures\Streamecol_files\Thumbs.db <-- Tulane Museum of Natural History /+STREAMECOL/lecture/Streamecol_files Thumbs.db
2003.09.29 08:51 B c:\Documents and Settings\hank\my documents\Hank\stream ecology\lectures\macroinvert_pres_files\blank_notes.htm --> plato.www.tubri.org/museum /+STREAMECOL/lectures/macroinvert_pres_files blank_notes.htm
2003.09.29 08:51 B c:\Documents and Settings\hank\my documents\Hank\stream ecology\lectures\macroinvert_pres_files\endshow.htm --> plato.www.tubri.org/museum /+STREAMECOL/lectures/macroinvert_pres_files endshow.htm
2003.09.29 08:51 B c:\Documents and Settings\hank\my documents\Hank\stream ecology\lectures\macroinvert_pres_files\filelist.xml --> plato.www.tubri.org/museum /+STREAMECOL/lectures/macroinvert_pres_files filelist.xml
2003.09.29 08:51 B c:\Documents and Settings\hank\my documents\Hank\stream ecology\lectures\macroinvert_pres_files\master03_background.gif --> plato.www.tubri.org/museum /+STREAMECOL/lectures/macroinvert_pres_files master03_background.gif
2003.09.29 08:51 B c:\Documents and Settings\hank\my documents\Hank\stream ecology\lectures\macroinvert_pres_files\navigation_bar.htm --> plato.www.tubri.org/museum /+STREAMECOL/lectures/macroinvert_pres_files navigation_bar.htm
2003.09.29 08:51 B c:\Documents and Settings\hank\my documents\Hank\stream ecology\lectures\macroinvert_pres_files\next_active.gif --> plato.www.tubri.org/museum /+STREAMECOL/lectures/macroinvert_pres_files next_active.gif
2003.09.29 08:51 B c:\Documents and Settings\hank\my documents\Hank\stream ecology\lectures\macroinvert_pres_files\next_disabled.gif --> plato.www.tubri.org/museum /+STREAMECOL/lectures/macroinvert_pres_files next_disabled.gif
2003.09.29 08:51 B c:\Documents and Settings\hank\my documents\Hank\stream ecology\lectures\macroinvert_pres_files\outline_collapse.gif --> plato.www.tubri.org/museum /+STREAMECOL/lectures/macroinvert_pres_files outline_collapse.gif
2003.09.29 08:51 B c:\Documents and Settings\hank\my documents\Hank\stream ecology\lectures\macroinvert_pres_files\outline_collapsed.htm --> plato.www.tubri.org/museum /+STREAMECOL/lectures/macroinvert_pres_files outline_collapsed.htm
2003.09.29 08:51 B c:\Documents and Settings\hank\my documents\Hank\stream ecology\lectures\macroinvert_pres_files\outline_expand.gif --> plato.www.tubri.org/museum /+STREAMECOL/lectures/macroinvert_pres_files outline_expand.gif
2003.09.29 08:51 B c:\Documents and Settings\hank\my documents\Hank\stream ecology\lectures\macroinvert_pres_files\outline_expanded.htm --> plato.www.tubri.org/museum /+STREAMECOL/lectures/macroinvert_pres_files outline_expanded.htm
2003.09.29 08:51 B c:\Documents and Settings\hank\my documents\Hank\stream ecology\lectures\macroinvert_pres_files\outline_navigation_bar.htm --> plato.www.tubri.org/museum /+STREAMECOL/lectures/macroinvert_pres_files outline_navigation_bar.htm
2003.09.29 08:51 B c:\Documents and Settings\hank\my documents\Hank\stream ecology\lectures\macroinvert_pres_files\prev_active.gif --> plato.www.tubri.org/museum /+STREAMECOL/lectures/macroinvert_pres_files prev_active.gif
2003.09.29 08:51 B c:\Documents and Settings\hank\my documents\Hank\stream ecology\lectures\macroinvert_pres_files\prev_disabled.gif --> plato.www.tubri.org/museum /+STREAMECOL/lectures/macroinvert_pres_files prev_disabled.gif
2003.09.29 08:51 B c:\Documents and Settings\hank\my documents\Hank\stream ecology\lectures\macroinvert_pres_files\slide0002.htm --> plato.www.tubri.org/museum /+STREAMECOL/lectures/macroinvert_pres_files slide0002.htm
2003.09.29 08:51 B c:\Documents and Settings\hank\my documents\Hank\stream ecology\lectures\macroinvert_pres_files\slide0002_background.jpg --> plato.www.tubri.org/museum /+STREAMECOL/lectures/macroinvert_pres_files slide0002_background.jpg
2003.09.29 08:51 B c:\Documents and Settings\hank\my documents\Hank\stream ecology\lectures\macroinvert_pres_files\slide0002_image009.jpg --> plato.www.tubri.org/museum /+STREAMECOL/lectures/macroinvert_pres_files slide0002_image009.jpg
2003.09.29 08:51 B c:\Documents and Settings\hank\my documents\Hank\stream ecology\lectures\macroinvert_pres_files\slide0002_image010.jpg --> plato.www.tubri.org/museum /+STREAMECOL/lectures/macroinvert_pres_files slide0002_image010.jpg
2003.09.29 08:51 B c:\Documents and Settings\hank\my documents\Hank\stream ecology\lectures\macroinvert_pres_files\slide0003.htm --> plato.www.tubri.org/museum /+STREAMECOL/lectures/macroinvert_pres_files slide0003.htm
2003.09.29 08:51 B c:\Documents and Settings\hank\my documents\Hank\stream ecology\lectures\macroinvert_pres_files\slide0003_background.jpg --> plato.www.tubri.org/museum /+STREAMECOL/lectures/macroinvert_pres_files slide0003_background.jpg
2003.09.29 08:51 B c:\Documents and Settings\hank\my documents\Hank\stream ecology\lectures\macroinvert_pres_files\slide0003_image001.jpg --> plato.www.tubri.org/museum /+STREAMECOL/lectures/macroinvert_pres_files slide0003_image001.jpg
2003.09.29 08:51 B c:\Documents and Settings\hank\my documents\Hank\stream ecology\lectures\macroinvert_pres_files\slide0003_image002.jpg --> plato.www.tubri.org/museum /+STREAMECOL/lectures/macroinvert_pres_files slide0003_image002.jpg
2003.09.29 08:52 B c:\Documents and Settings\hank\my documents\Hank\stream ecology\lectures\macroinvert_pres_files\slide0003_image003.jpg --> plato.www.tubri.org/museum /+STREAMECOL/lectures/macroinvert_pres_files slide0003_image003.jpg
2003.09.29 08:52 B c:\Documents and Settings\hank\my documents\Hank\stream ecology\lectures\macroinvert_pres_files\slide0003_image004.jpg --> plato.www.tubri.org/museum /+STREAMECOL/lectures/macroinvert_pres_files slide0003_image004.jpg
2003.09.29 08:52 B c:\Documents and Settings\hank\my documents\Hank\stream ecology\lectures\macroinvert_pres_files\slide0003_image005.gif --> plato.www.tubri.org/museum /+STREAMECOL/lectures/macroinvert_pres_files slide0003_image005.gif
2003.09.29 08:52 B c:\Documents and Settings\hank\my documents\Hank\stream ecology\lectures\macroinvert_pres_files\slide0003_image006.jpg --> plato.www.tubri.org/museum /+STREAMECOL/lectures/macroinvert_pres_files slide0003_image006.jpg
2003.09.29 08:52 B c:\Documents and Settings\hank\my documents\Hank\stream ecology\lectures\macroinvert_pres_files\slide0003_image007.jpg --> plato.www.tubri.org/museum /+STREAMECOL/lectures/macroinvert_pres_files slide0003_image007.jpg
2003.09.29 08:52 B c:\Documents and Settings\hank\my documents\Hank\stream ecology\lectures\macroinvert_pres_files\slide0003_image008.jpg --> plato.www.tubri.org/museum /+STREAMECOL/lectures/macroinvert_pres_files slide0003_image008.jpg
2003.09.29 08:52 B c:\Documents and Settings\hank\my documents\Hank\stream ecology\lectures\macroinvert_pres_files\slide0004.htm --> plato.www.tubri.org/museum /+STREAMECOL/lectures/macroinvert_pres_files slide0004.htm
2003.09.29 08:52 B c:\Documents and Settings\hank\my documents\Hank\stream ecology\lectures\macroinvert_pres_files\slide0004_image011.jpg --> plato.www.tubri.org/museum /+STREAMECOL/lectures/macroinvert_pres_files slide0004_image011.jpg
2003.09.29 08:52 B c:\Documents and Settings\hank\my documents\Hank\stream ecology\lectures\macroinvert_pres_files\slide0004_image012.gif --> plato.www.tubri.org/museum /+STREAMECOL/lectures/macroinvert_pres_files slide0004_image012.gif
2003.09.29 08:52 B c:\Documents and Settings\hank\my documents\Hank\stream ecology\lectures\macroinvert_pres_files\slide0004_image013.jpg --> plato.www.tubri.org/museum /+STREAMECOL/lectures/macroinvert_pres_files slide0004_image013.jpg
2003.09.29 08:52 B c:\Documents and Settings\hank\my documents\Hank\stream ecology\lectures\macroinvert_pres_files\slide0004_image014.gif --> plato.www.tubri.org/museum /+STREAMECOL/lectures/macroinvert_pres_files slide0004_image014.gif
2003.09.29 08:52 B c:\Documents and Settings\hank\my documents\Hank\stream ecology\lectures\macroinvert_pres_files\slide0004_image015.jpg --> plato.www.tubri.org/museum /+STREAMECOL/lectures/macroinvert_pres_files slide0004_image015.jpg
2003.09.29 08:52 B c:\Documents and Settings\hank\my documents\Hank\stream ecology\lectures\macroinvert_pres_files\slide0005.htm --> plato.www.tubri.org/museum /+STREAMECOL/lectures/macroinvert_pres_files slide0005.htm
2003.09.29 08:52 B c:\Documents and Settings\hank\my documents\Hank\stream ecology\lectures\macroinvert_pres_files\slide0005_background.gif --> plato.www.tubri.org/museum /+STREAMECOL/lectures/macroinvert_pres_files slide0005_background.gif
2003.09.29 08:52 B c:\Documents and Settings\hank\my documents\Hank\stream ecology\lectures\macroinvert_pres_files\slide0005_image016.gif --> plato.www.tubri.org/museum /+STREAMECOL/lectures/macroinvert_pres_files slide0005_image016.gif
2003.09.29 08:52 B c:\Documents and Settings\hank\my documents\Hank\stream ecology\lectures\macroinvert_pres_files\slide0005_image017.jpg --> plato.www.tubri.org/museum /+STREAMECOL/lectures/macroinvert_pres_files slide0005_image017.jpg
2003.09.29 08:52 B c:\Documents and Settings\hank\my documents\Hank\stream ecology\lectures\macroinvert_pres_files\slide0006.htm --> plato.www.tubri.org/museum /+STREAMECOL/lectures/macroinvert_pres_files slide0006.htm
2003.09.29 08:53 B c:\Documents and Settings\hank\my documents\Hank\stream ecology\lectures\macroinvert_pres_files\slide0007.htm --> plato.www.tubri.org/museum /+STREAMECOL/lectures/macroinvert_pres_files slide0007.htm
2003.09.29 08:53 B c:\Documents and Settings\hank\my documents\Hank\stream ecology\lectures\macroinvert_pres_files\slide0008.htm --> plato.www.tubri.org/museum /+STREAMECOL/lectures/macroinvert_pres_files slide0008.htm
2003.09.29 08:53 B c:\Documents and Settings\hank\my documents\Hank\stream ecology\lectures\macroinvert_pres_files\slide0009.htm --> plato.www.tubri.org/museum /+STREAMECOL/lectures/macroinvert_pres_files slide0009.htm
2003.09.29 08:53 B c:\Documents and Settings\hank\my documents\Hank\stream ecology\lectures\macroinvert_pres_files\slide0009_image018.gif --> plato.www.tubri.org/museum /+STREAMECOL/lectures/macroinvert_pres_files slide0009_image018.gif
2003.09.29 08:53 B c:\Documents and Settings\hank\my documents\Hank\stream ecology\lectures\macroinvert_pres_files\slide0009_image019.gif --> plato.www.tubri.org/museum /+STREAMECOL/lectures/macroinvert_pres_files slide0009_image019.gif
2003.09.29 08:53 B c:\Documents and Settings\hank\my documents\Hank\stream ecology\lectures\macroinvert_pres_files\slide0009_image020.gif --> plato.www.tubri.org/museum /+STREAMECOL/lectures/macroinvert_pres_files slide0009_image020.gif
2003.09.29 08:53 B c:\Documents and Settings\hank\my documents\Hank\stream ecology\lectures\macroinvert_pres_files\slide0010.htm --> plato.www.tubri.org/museum /+STREAMECOL/lectures/macroinvert_pres_files slide0010.htm
2003.09.29 08:53 B c:\Documents and Settings\hank\my documents\Hank\stream ecology\lectures\macroinvert_pres_files\slide0010_image021.gif --> plato.www.tubri.org/museum /+STREAMECOL/lectures/macroinvert_pres_files slide0010_image021.gif
2003.09.29 08:53 B c:\Documents and Settings\hank\my documents\Hank\stream ecology\lectures\macroinvert_pres_files\slide0010_image022.jpg --> plato.www.tubri.org/museum /+STREAMECOL/lectures/macroinvert_pres_files slide0010_image022.jpg
2003.09.29 08:53 B c:\Documents and Settings\hank\my documents\Hank\stream ecology\lectures\macroinvert_pres_files\slide0010_image023.jpg --> plato.www.tubri.org/museum /+STREAMECOL/lectures/macroinvert_pres_files slide0010_image023.jpg
2003.09.29 08:53 B c:\Documents and Settings\hank\my documents\Hank\stream ecology\lectures\macroinvert_pres_files\slide0011.htm --> plato.www.tubri.org/museum /+STREAMECOL/lectures/macroinvert_pres_files slide0011.htm
2003.09.29 08:53 B c:\Documents and Settings\hank\my documents\Hank\stream ecology\lectures\macroinvert_pres_files\slide0011_background.jpg --> plato.www.tubri.org/museum /+STREAMECOL/lectures/macroinvert_pres_files slide0011_background.jpg
2003.09.29 08:53 B c:\Documents and Settings\hank\my documents\Hank\stream ecology\lectures\macroinvert_pres_files\slide0011_image024.gif --> plato.www.tubri.org/museum /+STREAMECOL/lectures/macroinvert_pres_files slide0011_image024.gif
2003.09.29 08:53 B c:\Documents and Settings\hank\my documents\Hank\stream ecology\lectures\macroinvert_pres_files\slide0011_image025.gif --> plato.www.tubri.org/museum /+STREAMECOL/lectures/macroinvert_pres_files slide0011_image025.gif
2003.09.29 08:53 B c:\Documents and Settings\hank\my documents\Hank\stream ecology\lectures\macroinvert_pres_files\slide0012.htm --> plato.www.tubri.org/museum /+STREAMECOL/lectures/macroinvert_pres_files slide0012.htm
2003.09.29 08:53 B c:\Documents and Settings\hank\my documents\Hank\stream ecology\lectures\macroinvert_pres_files\slide0012_background.gif --> plato.www.tubri.org/museum /+STREAMECOL/lectures/macroinvert_pres_files slide0012_background.gif
2003.09.29 08:53 B c:\Documents and Settings\hank\my documents\Hank\stream ecology\lectures\macroinvert_pres_files\slide0012_image026.gif --> plato.www.tubri.org/museum /+STREAMECOL/lectures/macroinvert_pres_files slide0012_image026.gif
2003.09.29 08:54 B c:\Documents and Settings\hank\my documents\Hank\stream ecology\lectures\macroinvert_pres_files\slide0012_image027.jpg --> plato.www.tubri.org/museum /+STREAMECOL/lectures/macroinvert_pres_files slide0012_image027.jpg
2003.09.29 08:54 B c:\Documents and Settings\hank\my documents\Hank\stream ecology\lectures\macroinvert_pres_files\slide0013.htm --> plato.www.tubri.org/museum /+STREAMECOL/lectures/macroinvert_pres_files slide0013.htm
2003.09.29 08:54 B c:\Documents and Settings\hank\my documents\Hank\stream ecology\lectures\macroinvert_pres_files\slide0013_background.jpg --> plato.www.tubri.org/museum /+STREAMECOL/lectures/macroinvert_pres_files slide0013_background.jpg
2003.09.29 08:54 B c:\Documents and Settings\hank\my documents\Hank\stream ecology\lectures\macroinvert_pres_files\slide0013_image028.gif --> plato.www.tubri.org/museum /+STREAMECOL/lectures/macroinvert_pres_files slide0013_image028.gif
2003.09.29 08:54 B c:\Documents and Settings\hank\my documents\Hank\stream ecology\lectures\macroinvert_pres_files\slide0013_image029.jpg --> plato.www.tubri.org/museum /+STREAMECOL/lectures/macroinvert_pres_files slide0013_image029.jpg
2003.09.29 08:54 B c:\Documents and Settings\hank\my documents\Hank\stream ecology\lectures\macroinvert_pres_files\slide0014.htm --> plato.www.tubri.org/museum /+STREAMECOL/lectures/macroinvert_pres_files slide0014.htm
2003.09.29 08:54 B c:\Documents and Settings\hank\my documents\Hank\stream ecology\lectures\macroinvert_pres_files\slide0014_image030.gif --> plato.www.tubri.org/museum /+STREAMECOL/lectures/macroinvert_pres_files slide0014_image030.gif
2003.09.29 08:54 B c:\Documents and Settings\hank\my documents\Hank\stream ecology\lectures\macroinvert_pres_files\slide0014_image031.gif --> plato.www.tubri.org/museum /+STREAMECOL/lectures/macroinvert_pres_files slide0014_image031.gif
2003.09.29 08:54 B c:\Documents and Settings\hank\my documents\Hank\stream ecology\lectures\macroinvert_pres_files\slide0014_image032.gif --> plato.www.tubri.org/museum /+STREAMECOL/lectures/macroinvert_pres_files slide0014_image032.gif
2003.09.29 08:54 B c:\Documents and Settings\hank\my documents\Hank\stream ecology\lectures\macroinvert_pres_files\slide0015.htm --> plato.www.tubri.org/museum /+STREAMECOL/lectures/macroinvert_pres_files slide0015.htm
2003.09.29 08:54 B c:\Documents and Settings\hank\my documents\Hank\stream ecology\lectures\macroinvert_pres_files\slide0015_image033.gif --> plato.www.tubri.org/museum /+STREAMECOL/lectures/macroinvert_pres_files slide0015_image033.gif
2003.09.29 08:54 B c:\Documents and Settings\hank\my documents\Hank\stream ecology\lectures\macroinvert_pres_files\slide0015_image034.gif --> plato.www.tubri.org/museum /+STREAMECOL/lectures/macroinvert_pres_files slide0015_image034.gif
2003.09.29 08:54 B c:\Documents and Settings\hank\my documents\Hank\stream ecology\lectures\macroinvert_pres_files\slide0015_image035.gif --> plato.www.tubri.org/museum /+STREAMECOL/lectures/macroinvert_pres_files slide0015_image035.gif
2003.09.29 08:54 B c:\Documents and Settings\hank\my documents\Hank\stream ecology\lectures\macroinvert_pres_files\slide0015_image036.jpg --> plato.www.tubri.org/museum /+STREAMECOL/lectures/macroinvert_pres_files slide0015_image036.jpg
2003.09.29 08:54 B c:\Documents and Settings\hank\my documents\Hank\stream ecology\lectures\macroinvert_pres_files\slide0015_image037.gif --> plato.www.tubri.org/museum /+STREAMECOL/lectures/macroinvert_pres_files slide0015_image037.gif
2003.09.29 08:54 B c:\Documents and Settings\hank\my documents\Hank\stream ecology\lectures\macroinvert_pres_files\slide0015_image038.jpg --> plato.www.tubri.org/museum /+STREAMECOL/lectures/macroinvert_pres_files slide0015_image038.jpg
2003.09.29 08:54 B c:\Documents and Settings\hank\my documents\Hank\stream ecology\lectures\macroinvert_pres_files\slide0016.htm --> plato.www.tubri.org/museum /+STREAMECOL/lectures/macroinvert_pres_files slide0016.htm
2003.09.29 08:54 B c:\Documents and Settings\hank\my documents\Hank\stream ecology\lectures\macroinvert_pres_files\slide0016_image039.gif --> plato.www.tubri.org/museum /+STREAMECOL/lectures/macroinvert_pres_files slide0016_image039.gif
2003.09.29 08:54 B c:\Documents and Settings\hank\my documents\Hank\stream ecology\lectures\macroinvert_pres_files\slide0016_image040.gif --> plato.www.tubri.org/museum /+STREAMECOL/lectures/macroinvert_pres_files slide0016_image040.gif
2003.09.29 08:54 B c:\Documents and Settings\hank\my documents\Hank\stream ecology\lectures\macroinvert_pres_files\slide0016_image041.jpg --> plato.www.tubri.org/museum /+STREAMECOL/lectures/macroinvert_pres_files slide0016_image041.jpg
2003.09.29 08:55 B c:\Documents and Settings\hank\my documents\Hank\stream ecology\lectures\macroinvert_pres_files\slide0016_image042.jpg --> plato.www.tubri.org/museum /+STREAMECOL/lectures/macroinvert_pres_files slide0016_image042.jpg
2003.09.29 08:55 B c:\Documents and Settings\hank\my documents\Hank\stream ecology\lectures\macroinvert_pres_files\slide0016_image043.jpg --> plato.www.tubri.org/museum /+STREAMECOL/lectures/macroinvert_pres_files slide0016_image043.jpg
2003.09.29 08:55 B c:\Documents and Settings\hank\my documents\Hank\stream ecology\lectures\macroinvert_pres_files\slide0016_image044.gif --> plato.www.tubri.org/museum /+STREAMECOL/lectures/macroinvert_pres_files slide0016_image044.gif
2003.09.29 08:55 B c:\Documents and Settings\hank\my documents\Hank\stream ecology\lectures\macroinvert_pres_files\slide0017.htm --> plato.www.tubri.org/museum /+STREAMECOL/lectures/macroinvert_pres_files slide0017.htm
2003.09.29 08:55 B c:\Documents and Settings\hank\my documents\Hank\stream ecology\lectures\macroinvert_pres_files\slide0017_image045.gif --> plato.www.tubri.org/museum /+STREAMECOL/lectures/macroinvert_pres_files slide0017_image045.gif
2003.09.29 08:55 B c:\Documents and Settings\hank\my documents\Hank\stream ecology\lectures\macroinvert_pres_files\slide0017_image046.gif --> plato.www.tubri.org/museum /+STREAMECOL/lectures/macroinvert_pres_files slide0017_image046.gif
2003.09.29 08:55 B c:\Documents and Settings\hank\my documents\Hank\stream ecology\lectures\macroinvert_pres_files\slide0017_image047.jpg --> plato.www.tubri.org/museum /+STREAMECOL/lectures/macroinvert_pres_files slide0017_image047.jpg
2003.09.29 08:55 B c:\Documents and Settings\hank\my documents\Hank\stream ecology\lectures\macroinvert_pres_files\slide0017_image048.jpg --> plato.www.tubri.org/museum /+STREAMECOL/lectures/macroinvert_pres_files slide0017_image048.jpg
2003.09.29 08:55 B c:\Documents and Settings\hank\my documents\Hank\stream ecology\lectures\macroinvert_pres_files\slide0017_image049.gif --> plato.www.tubri.org/museum /+STREAMECOL/lectures/macroinvert_pres_files slide0017_image049.gif
2003.09.29 08:55 B c:\Documents and Settings\hank\my documents\Hank\stream ecology\lectures\macroinvert_pres_files\slide0017_image050.jpg --> plato.www.tubri.org/museum /+STREAMECOL/lectures/macroinvert_pres_files slide0017_image050.jpg
2003.09.29 08:55 B c:\Documents and Settings\hank\my documents\Hank\stream ecology\lectures\macroinvert_pres_files\slide0017_image051.jpg --> plato.www.tubri.org/museum /+STREAMECOL/lectures/macroinvert_pres_files slide0017_image051.jpg
2003.09.29 08:55 B c:\Documents and Settings\hank\my documents\Hank\stream ecology\lectures\macroinvert_pres_files\slide0017_image052.jpg --> plato.www.tubri.org/museum /+STREAMECOL/lectures/macroinvert_pres_files slide0017_image052.jpg
2003.09.29 08:55 B c:\Documents and Settings\hank\my documents\Hank\stream ecology\lectures\macroinvert_pres_files\slide0017_image053.gif --> plato.www.tubri.org/museum /+STREAMECOL/lectures/macroinvert_pres_files slide0017_image053.gif
2003.09.29 08:55 B c:\Documents and Settings\hank\my documents\Hank\stream ecology\lectures\macroinvert_pres_files\slide0017_image054.jpg --> plato.www.tubri.org/museum /+STREAMECOL/lectures/macroinvert_pres_files slide0017_image054.jpg
2003.09.29 08:55 B c:\Documents and Settings\hank\my documents\Hank\stream ecology\lectures\macroinvert_pres_files\slide0018.htm --> plato.www.tubri.org/museum /+STREAMECOL/lectures/macroinvert_pres_files slide0018.htm
2003.09.29 08:55 B c:\Documents and Settings\hank\my documents\Hank\stream ecology\lectures\macroinvert_pres_files\slide0018_background.gif --> plato.www.tubri.org/museum /+STREAMECOL/lectures/macroinvert_pres_files slide0018_background.gif
2003.09.29 08:55 B c:\Documents and Settings\hank\my documents\Hank\stream ecology\lectures\macroinvert_pres_files\slide0018_image055.gif --> plato.www.tubri.org/museum /+STREAMECOL/lectures/macroinvert_pres_files slide0018_image055.gif
2003.09.29 08:55 B c:\Documents and Settings\hank\my documents\Hank\stream ecology\lectures\macroinvert_pres_files\slide0018_image056.gif --> plato.www.tubri.org/museum /+STREAMECOL/lectures/macroinvert_pres_files slide0018_image056.gif
2003.09.29 08:55 B c:\Documents and Settings\hank\my documents\Hank\stream ecology\lectures\macroinvert_pres_files\slide0018_image057.gif --> plato.www.tubri.org/museum /+STREAMECOL/lectures/macroinvert_pres_files slide0018_image057.gif
2003.09.29 08:55 B c:\Documents and Settings\hank\my documents\Hank\stream ecology\lectures\macroinvert_pres_files\slide0019.htm --> plato.www.tubri.org/museum /+STREAMECOL/lectures/macroinvert_pres_files slide0019.htm
2003.09.29 08:55 B c:\Documents and Settings\hank\my documents\Hank\stream ecology\lectures\macroinvert_pres_files\slide0020.htm --> plato.www.tubri.org/museum /+STREAMECOL/lectures/macroinvert_pres_files slide0020.htm
2003.09.29 08:55 B c:\Documents and Settings\hank\my documents\Hank\stream ecology\lectures\macroinvert_pres_files\slide0021.htm --> plato.www.tubri.org/museum /+STREAMECOL/lectures/macroinvert_pres_files slide0021.htm
2003.09.29 08:55 B c:\Documents and Settings\hank\my documents\Hank\stream ecology\lectures\macroinvert_pres_files\slide0021_image058.gif --> plato.www.tubri.org/museum /+STREAMECOL/lectures/macroinvert_pres_files slide0021_image058.gif
2003.09.29 08:55 B c:\Documents and Settings\hank\my documents\Hank\stream ecology\lectures\macroinvert_pres_files\slide0021_image059.gif --> plato.www.tubri.org/museum /+STREAMECOL/lectures/macroinvert_pres_files slide0021_image059.gif
2003.09.29 08:55 B c:\Documents and Settings\hank\my documents\Hank\stream ecology\lectures\macroinvert_pres_files\slide0022.htm --> plato.www.tubri.org/museum /+STREAMECOL/lectures/macroinvert_pres_files slide0022.htm
2003.09.29 08:55 B c:\Documents and Settings\hank\my documents\Hank\stream ecology\lectures\macroinvert_pres_files\slide0022_image060.gif --> plato.www.tubri.org/museum /+STREAMECOL/lectures/macroinvert_pres_files slide0022_image060.gif
2003.09.29 08:55 B c:\Documents and Settings\hank\my documents\Hank\stream ecology\lectures\macroinvert_pres_files\slide0022_image061.gif --> plato.www.tubri.org/museum /+STREAMECOL/lectures/macroinvert_pres_files slide0022_image061.gif
2003.09.29 08:55 B c:\Documents and Settings\hank\my documents\Hank\stream ecology\lectures\macroinvert_pres_files\slide0023.htm --> plato.www.tubri.org/museum /+STREAMECOL/lectures/macroinvert_pres_files slide0023.htm
2003.09.29 08:56 B c:\Documents and Settings\hank\my documents\Hank\stream ecology\lectures\macroinvert_pres_files\slide0023_background.gif --> plato.www.tubri.org/museum /+STREAMECOL/lectures/macroinvert_pres_files slide0023_background.gif
2003.09.29 08:56 B c:\Documents and Settings\hank\my documents\Hank\stream ecology\lectures\macroinvert_pres_files\slide0023_image062.gif --> plato.www.tubri.org/museum /+STREAMECOL/lectures/macroinvert_pres_files slide0023_image062.gif
2003.09.29 08:56 B c:\Documents and Settings\hank\my documents\Hank\stream ecology\lectures\macroinvert_pres_files\slide0023_image063.gif --> plato.www.tubri.org/museum /+STREAMECOL/lectures/macroinvert_pres_files slide0023_image063.gif
2003.09.29 08:56 B c:\Documents and Settings\hank\my documents\Hank\stream ecology\lectures\macroinvert_pres_files\slide0024.htm --> plato.www.tubri.org/museum /+STREAMECOL/lectures/macroinvert_pres_files slide0024.htm
2003.09.29 08:56 B c:\Documents and Settings\hank\my documents\Hank\stream ecology\lectures\macroinvert_pres_files\slide0024_background.jpg --> plato.www.tubri.org/museum /+STREAMECOL/lectures/macroinvert_pres_files slide0024_background.jpg
2003.09.29 08:56 B c:\Documents and Settings\hank\my documents\Hank\stream ecology\lectures\macroinvert_pres_files\slide0024_image064.jpg --> plato.www.tubri.org/museum /+STREAMECOL/lectures/macroinvert_pres_files slide0024_image064.jpg
2003.09.29 08:56 B c:\Documents and Settings\hank\my documents\Hank\stream ecology\lectures\macroinvert_pres_files\slide0024_image065.gif --> plato.www.tubri.org/museum /+STREAMECOL/lectures/macroinvert_pres_files slide0024_image065.gif
2003.09.29 08:56 B c:\Documents and Settings\hank\my documents\Hank\stream ecology\lectures\macroinvert_pres_files\slide0025.htm --> plato.www.tubri.org/museum /+STREAMECOL/lectures/macroinvert_pres_files slide0025.htm
2003.09.29 08:56 B c:\Documents and Settings\hank\my documents\Hank\stream ecology\lectures\macroinvert_pres_files\slide0025_image066.jpg --> plato.www.tubri.org/museum /+STREAMECOL/lectures/macroinvert_pres_files slide0025_image066.jpg
2003.09.29 08:56 B c:\Documents and Settings\hank\my documents\Hank\stream ecology\lectures\macroinvert_pres_files\slide0025_image067.jpg --> plato.www.tubri.org/museum /+STREAMECOL/lectures/macroinvert_pres_files slide0025_image067.jpg
2003.09.29 08:56 B c:\Documents and Settings\hank\my documents\Hank\stream ecology\lectures\macroinvert_pres_files\slide0025_image068.jpg --> plato.www.tubri.org/museum /+STREAMECOL/lectures/macroinvert_pres_files slide0025_image068.jpg
2003.09.29 08:56 B c:\Documents and Settings\hank\my documents\Hank\stream ecology\lectures\macroinvert_pres_files\slide0026.htm --> plato.www.tubri.org/museum /+STREAMECOL/lectures/macroinvert_pres_files slide0026.htm
2003.09.29 08:56 B c:\Documents and Settings\hank\my documents\Hank\stream ecology\lectures\macroinvert_pres_files\slide0026_image069.gif --> plato.www.tubri.org/museum /+STREAMECOL/lectures/macroinvert_pres_files slide0026_image069.gif
2003.09.29 08:56 B c:\Documents and Settings\hank\my documents\Hank\stream ecology\lectures\macroinvert_pres_files\slide0026_image070.jpg --> plato.www.tubri.org/museum /+STREAMECOL/lectures/macroinvert_pres_files slide0026_image070.jpg
2003.09.29 08:56 B c:\Documents and Settings\hank\my documents\Hank\stream ecology\lectures\macroinvert_pres_files\slide0026_image071.jpg --> plato.www.tubri.org/museum /+STREAMECOL/lectures/macroinvert_pres_files slide0026_image071.jpg
2003.09.29 08:57 B c:\Documents and Settings\hank\my documents\Hank\stream ecology\lectures\macroinvert_pres_files\slide0027.htm --> plato.www.tubri.org/museum /+STREAMECOL/lectures/macroinvert_pres_files slide0027.htm
2003.09.29 08:57 B c:\Documents and Settings\hank\my documents\Hank\stream ecology\lectures\macroinvert_pres_files\slide0027_image072.gif --> plato.www.tubri.org/museum /+STREAMECOL/lectures/macroinvert_pres_files slide0027_image072.gif
2003.09.29 08:57 B c:\Documents and Settings\hank\my documents\Hank\stream ecology\lectures\macroinvert_pres_files\slide0028.htm --> plato.www.tubri.org/museum /+STREAMECOL/lectures/macroinvert_pres_files slide0028.htm
2003.09.29 08:58 B c:\Documents and Settings\hank\my documents\Hank\stream ecology\lectures\macroinvert_pres_files\slide0028_image073.jpg --> plato.www.tubri.org/museum /+STREAMECOL/lectures/macroinvert_pres_files slide0028_image073.jpg
2003.09.29 08:58 B c:\Documents and Settings\hank\my documents\Hank\stream ecology\lectures\macroinvert_pres_files\slide0029.htm --> plato.www.tubri.org/museum /+STREAMECOL/lectures/macroinvert_pres_files slide0029.htm
2003.09.29 08:59 B c:\Documents and Settings\hank\my documents\Hank\stream ecology\lectures\macroinvert_pres_files\slide0029_image074.gif --> plato.www.tubri.org/museum /+STREAMECOL/lectures/macroinvert_pres_files slide0029_image074.gif
2003.09.29 08:59 B c:\Documents and Settings\hank\my documents\Hank\stream ecology\lectures\macroinvert_pres_files\slide0029_image075.gif --> plato.www.tubri.org/museum /+STREAMECOL/lectures/macroinvert_pres_files slide0029_image075.gif
2003.09.29 08:59 B c:\Documents and Settings\hank\my documents\Hank\stream ecology\lectures\macroinvert_pres_files\slide0029_image076.jpg --> plato.www.tubri.org/museum /+STREAMECOL/lectures/macroinvert_pres_files slide0029_image076.jpg
2003.09.29 09:00 B c:\Documents and Settings\hank\my documents\Hank\stream ecology\lectures\macroinvert_pres_files\slide0029_image077.jpg --> plato.www.tubri.org/museum /+STREAMECOL/lectures/macroinvert_pres_files slide0029_image077.jpg
2003.09.29 09:00 B c:\Documents and Settings\hank\my documents\Hank\stream ecology\lectures\macroinvert_pres_files\slide0030.htm --> plato.www.tubri.org/museum /+STREAMECOL/lectures/macroinvert_pres_files slide0030.htm
2003.09.29 09:01 B c:\Documents and Settings\hank\my documents\Hank\stream ecology\lectures\macroinvert_pres_files\slide0030_image081.gif --> plato.www.tubri.org/museum /+STREAMECOL/lectures/macroinvert_pres_files slide0030_image081.gif
2003.09.29 09:01 B c:\Documents and Settings\hank\my documents\Hank\stream ecology\lectures\macroinvert_pres_files\slide0030_image082.gif --> plato.www.tubri.org/museum /+STREAMECOL/lectures/macroinvert_pres_files slide0030_image082.gif
2003.09.29 09:02 B c:\Documents and Settings\hank\my documents\Hank\stream ecology\lectures\macroinvert_pres_files\slide0031.htm --> plato.www.tubri.org/museum /+STREAMECOL/lectures/macroinvert_pres_files slide0031.htm
2003.09.29 09:02 B c:\Documents and Settings\hank\my documents\Hank\stream ecology\lectures\macroinvert_pres_files\slide0031_image078.jpg --> plato.www.tubri.org/museum /+STREAMECOL/lectures/macroinvert_pres_files slide0031_image078.jpg
2003.09.29 09:02 B c:\Documents and Settings\hank\my documents\Hank\stream ecology\lectures\macroinvert_pres_files\slide0031_image079.jpg --> plato.www.tubri.org/museum /+STREAMECOL/lectures/macroinvert_pres_files slide0031_image079.jpg
2003.09.29 09:03 B c:\Documents and Settings\hank\my documents\Hank\stream ecology\lectures\macroinvert_pres_files\slide0032.htm --> plato.www.tubri.org/museum /+STREAMECOL/lectures/macroinvert_pres_files slide0032.htm
2003.09.29 09:03 B c:\Documents and Settings\hank\my documents\Hank\stream ecology\lectures\macroinvert_pres_files\slide0032_background.jpg --> plato.www.tubri.org/museum /+STREAMECOL/lectures/macroinvert_pres_files slide0032_background.jpg
2003.09.29 09:04 B c:\Documents and Settings\hank\my documents\Hank\stream ecology\lectures\macroinvert_pres_files\slide0033.htm --> plato.www.tubri.org/museum /+STREAMECOL/lectures/macroinvert_pres_files slide0033.htm
2003.09.29 09:04 B c:\Documents and Settings\hank\my documents\Hank\stream ecology\lectures\macroinvert_pres_files\slide0033_image080.jpg --> plato.www.tubri.org/museum /+STREAMECOL/lectures/macroinvert_pres_files slide0033_image080.jpg
2003.09.29 09:05 B c:\Documents and Settings\hank\my documents\Hank\stream ecology\lectures\macroinvert_pres_files\space.gif --> plato.www.tubri.org/museum /+STREAMECOL/lectures/macroinvert_pres_files space.gif
2003.09.29 09:05 B c:\Documents and Settings\hank\my documents\Hank\stream ecology\lectures\macroinvert_pres_files\Thumbs.db --> plato.www.tubri.org/museum /+STREAMECOL/lectures/macroinvert_pres_files Thumbs.db
