2003.02.12 17:07 B C:\Documents and Settings\Hank\My Documents\HANK\Natural resource conservation\conservation\introduction_files\buttons.gif --> plato.www.tubri.org/museum /+WWWROOT/conservation/introduction_files buttons.gif
2003.02.12 17:07 B C:\Documents and Settings\Hank\My Documents\HANK\Natural resource conservation\conservation\introduction_files\filelist.xml --> plato.www.tubri.org/museum /+WWWROOT/conservation/introduction_files filelist.xml
2003.02.12 17:07 B C:\Documents and Settings\Hank\My Documents\HANK\Natural resource conservation\conservation\introduction_files\frame.htm --> plato.www.tubri.org/museum /+WWWROOT/conservation/introduction_files frame.htm
2003.02.12 17:07 B C:\Documents and Settings\Hank\My Documents\HANK\Natural resource conservation\conservation\introduction_files\fullscreen.htm --> plato.www.tubri.org/museum /+WWWROOT/conservation/introduction_files fullscreen.htm
2003.02.12 17:07 B C:\Documents and Settings\Hank\My Documents\HANK\Natural resource conservation\conservation\introduction_files\master03.htm --> plato.www.tubri.org/museum /+WWWROOT/conservation/introduction_files master03.htm
2003.02.12 17:07 B C:\Documents and Settings\Hank\My Documents\HANK\Natural resource conservation\conservation\introduction_files\master03.xml --> plato.www.tubri.org/museum /+WWWROOT/conservation/introduction_files master03.xml
2003.02.12 17:07 B C:\Documents and Settings\Hank\My Documents\HANK\Natural resource conservation\conservation\introduction_files\master03_stylesheet.css --> plato.www.tubri.org/museum /+WWWROOT/conservation/introduction_files master03_stylesheet.css
2003.02.12 17:07 B C:\Documents and Settings\Hank\My Documents\HANK\Natural resource conservation\conservation\introduction_files\outline.htm --> plato.www.tubri.org/museum /+WWWROOT/conservation/introduction_files outline.htm
2003.02.12 17:07 B C:\Documents and Settings\Hank\My Documents\HANK\Natural resource conservation\conservation\introduction_files\pres.xml --> plato.www.tubri.org/museum /+WWWROOT/conservation/introduction_files pres.xml
2003.02.12 17:07 B C:\Documents and Settings\Hank\My Documents\HANK\Natural resource conservation\conservation\introduction_files\preview.wmf --> plato.www.tubri.org/museum /+WWWROOT/conservation/introduction_files preview.wmf
2003.02.12 17:07 B C:\Documents and Settings\Hank\My Documents\HANK\Natural resource conservation\conservation\introduction_files\script.js --> plato.www.tubri.org/museum /+WWWROOT/conservation/introduction_files script.js
2003.02.12 17:07 B C:\Documents and Settings\Hank\My Documents\HANK\Natural resource conservation\conservation\introduction_files\slide0002.htm --> plato.www.tubri.org/museum /+WWWROOT/conservation/introduction_files slide0002.htm
2003.02.12 17:07 B C:\Documents and Settings\Hank\My Documents\HANK\Natural resource conservation\conservation\introduction_files\slide0003.htm --> plato.www.tubri.org/museum /+WWWROOT/conservation/introduction_files slide0003.htm
2003.02.12 17:07 B C:\Documents and Settings\Hank\My Documents\HANK\Natural resource conservation\conservation\introduction_files\slide0004.htm --> plato.www.tubri.org/museum /+WWWROOT/conservation/introduction_files slide0004.htm
2003.02.12 17:07 B C:\Documents and Settings\Hank\My Documents\HANK\Natural resource conservation\conservation\introduction_files\slide0005.htm --> plato.www.tubri.org/museum /+WWWROOT/conservation/introduction_files slide0005.htm
2003.02.12 17:07 B C:\Documents and Settings\Hank\My Documents\HANK\Natural resource conservation\conservation\introduction_files\slide0006.htm --> plato.www.tubri.org/museum /+WWWROOT/conservation/introduction_files slide0006.htm
2003.02.12 17:08 B C:\Documents and Settings\Hank\My Documents\HANK\Natural resource conservation\conservation\introduction_files\slide0007.htm --> plato.www.tubri.org/museum /+WWWROOT/conservation/introduction_files slide0007.htm
2003.02.12 17:08 B C:\Documents and Settings\Hank\My Documents\HANK\Natural resource conservation\conservation\introduction_files\slide0008.htm --> plato.www.tubri.org/museum /+WWWROOT/conservation/introduction_files slide0008.htm
2003.02.12 17:08 B C:\Documents and Settings\Hank\My Documents\HANK\Natural resource conservation\conservation\introduction_files\slide0009.htm --> plato.www.tubri.org/museum /+WWWROOT/conservation/introduction_files slide0009.htm
2003.02.12 17:08 B C:\Documents and Settings\Hank\My Documents\HANK\Natural resource conservation\conservation\introduction_files\slide0009_image003.jpg --> plato.www.tubri.org/museum /+WWWROOT/conservation/introduction_files slide0009_image003.jpg
2003.02.12 17:08 B C:\Documents and Settings\Hank\My Documents\HANK\Natural resource conservation\conservation\introduction_files\slide0009_image004.jpg --> plato.www.tubri.org/museum /+WWWROOT/conservation/introduction_files slide0009_image004.jpg
2003.02.12 17:08 B C:\Documents and Settings\Hank\My Documents\HANK\Natural resource conservation\conservation\introduction_files\slide0010.htm --> plato.www.tubri.org/museum /+WWWROOT/conservation/introduction_files slide0010.htm
2003.02.12 17:08 B C:\Documents and Settings\Hank\My Documents\HANK\Natural resource conservation\conservation\introduction_files\v3_blank_notes.htm --> plato.www.tubri.org/museum /+WWWROOT/conservation/introduction_files v3_blank_notes.htm
2003.02.12 17:08 B C:\Documents and Settings\Hank\My Documents\HANK\Natural resource conservation\conservation\introduction_files\v3_document.htm --> plato.www.tubri.org/museum /+WWWROOT/conservation/introduction_files v3_document.htm
2003.02.12 17:08 B C:\Documents and Settings\Hank\My Documents\HANK\Natural resource conservation\conservation\introduction_files\v3_endshow.htm --> plato.www.tubri.org/museum /+WWWROOT/conservation/introduction_files v3_endshow.htm
2003.02.12 17:08 B C:\Documents and Settings\Hank\My Documents\HANK\Natural resource conservation\conservation\introduction_files\v3_navigation_bar.htm --> plato.www.tubri.org/museum /+WWWROOT/conservation/introduction_files v3_navigation_bar.htm
2003.02.12 17:08 B C:\Documents and Settings\Hank\My Documents\HANK\Natural resource conservation\conservation\introduction_files\v3_next_active.gif --> plato.www.tubri.org/museum /+WWWROOT/conservation/introduction_files v3_next_active.gif
2003.02.12 17:08 B C:\Documents and Settings\Hank\My Documents\HANK\Natural resource conservation\conservation\introduction_files\v3_next_disabled.gif --> plato.www.tubri.org/museum /+WWWROOT/conservation/introduction_files v3_next_disabled.gif
2003.02.12 17:08 B C:\Documents and Settings\Hank\My Documents\HANK\Natural resource conservation\conservation\introduction_files\v3_outline_collapse.gif --> plato.www.tubri.org/museum /+WWWROOT/conservation/introduction_files v3_outline_collapse.gif
2003.02.12 17:08 B C:\Documents and Settings\Hank\My Documents\HANK\Natural resource conservation\conservation\introduction_files\v3_outline_collapsed.htm --> plato.www.tubri.org/museum /+WWWROOT/conservation/introduction_files v3_outline_collapsed.htm
2003.02.12 17:08 B C:\Documents and Settings\Hank\My Documents\HANK\Natural resource conservation\conservation\introduction_files\v3_outline_expand.gif --> plato.www.tubri.org/museum /+WWWROOT/conservation/introduction_files v3_outline_expand.gif
2003.02.12 17:08 B C:\Documents and Settings\Hank\My Documents\HANK\Natural resource conservation\conservation\introduction_files\v3_outline_expanded.htm --> plato.www.tubri.org/museum /+WWWROOT/conservation/introduction_files v3_outline_expanded.htm
2003.02.12 17:08 B C:\Documents and Settings\Hank\My Documents\HANK\Natural resource conservation\conservation\introduction_files\v3_outline_navigation_bar.htm --> plato.www.tubri.org/museum /+WWWROOT/conservation/introduction_files v3_outline_navigation_bar.htm
2003.02.12 17:08 B C:\Documents and Settings\Hank\My Documents\HANK\Natural resource conservation\conservation\introduction_files\v3_prev_active.gif --> plato.www.tubri.org/museum /+WWWROOT/conservation/introduction_files v3_prev_active.gif
2003.02.12 17:08 B C:\Documents and Settings\Hank\My Documents\HANK\Natural resource conservation\conservation\introduction_files\v3_prev_disabled.gif --> plato.www.tubri.org/museum /+WWWROOT/conservation/introduction_files v3_prev_disabled.gif
2003.02.12 17:08 B C:\Documents and Settings\Hank\My Documents\HANK\Natural resource conservation\conservation\introduction_files\v3_slide0002.htm --> plato.www.tubri.org/museum /+WWWROOT/conservation/introduction_files v3_slide0002.htm
2003.02.12 17:08 B C:\Documents and Settings\Hank\My Documents\HANK\Natural resource conservation\conservation\introduction_files\v3_slide0003.htm --> plato.www.tubri.org/museum /+WWWROOT/conservation/introduction_files v3_slide0003.htm
2003.02.12 17:08 B C:\Documents and Settings\Hank\My Documents\HANK\Natural resource conservation\conservation\introduction_files\v3_slide0004.htm --> plato.www.tubri.org/museum /+WWWROOT/conservation/introduction_files v3_slide0004.htm
2003.02.12 17:08 B C:\Documents and Settings\Hank\My Documents\HANK\Natural resource conservation\conservation\introduction_files\v3_slide0005.htm --> plato.www.tubri.org/museum /+WWWROOT/conservation/introduction_files v3_slide0005.htm
2003.02.12 17:08 B C:\Documents and Settings\Hank\My Documents\HANK\Natural resource conservation\conservation\introduction_files\v3_slide0006.htm --> plato.www.tubri.org/museum /+WWWROOT/conservation/introduction_files v3_slide0006.htm
2003.02.12 17:08 B C:\Documents and Settings\Hank\My Documents\HANK\Natural resource conservation\conservation\introduction_files\v3_slide0007.htm --> plato.www.tubri.org/museum /+WWWROOT/conservation/introduction_files v3_slide0007.htm
2003.02.12 17:08 B C:\Documents and Settings\Hank\My Documents\HANK\Natural resource conservation\conservation\introduction_files\v3_slide0007_image002.jpg --> plato.www.tubri.org/museum /+WWWROOT/conservation/introduction_files v3_slide0007_image002.jpg
2003.02.12 17:08 B C:\Documents and Settings\Hank\My Documents\HANK\Natural resource conservation\conservation\introduction_files\v3_slide0008.htm --> plato.www.tubri.org/museum /+WWWROOT/conservation/introduction_files v3_slide0008.htm
2003.02.12 17:08 B C:\Documents and Settings\Hank\My Documents\HANK\Natural resource conservation\conservation\introduction_files\v3_slide0009.htm --> plato.www.tubri.org/museum /+WWWROOT/conservation/introduction_files v3_slide0009.htm
2003.02.12 17:08 B C:\Documents and Settings\Hank\My Documents\HANK\Natural resource conservation\conservation\introduction_files\v3_slide0009_image001.jpg --> plato.www.tubri.org/museum /+WWWROOT/conservation/introduction_files v3_slide0009_image001.jpg
2003.02.12 17:08 B C:\Documents and Settings\Hank\My Documents\HANK\Natural resource conservation\conservation\introduction_files\v3_slide0010.htm --> plato.www.tubri.org/museum /+WWWROOT/conservation/introduction_files v3_slide0010.htm
2003.02.12 17:08 B C:\Documents and Settings\Hank\My Documents\HANK\Natural resource conservation\conservation\introduction_files\v3_space.gif --> plato.www.tubri.org/museum /+WWWROOT/conservation/introduction_files v3_space.gif
2003.02.15 14:44 B C:\Documents and Settings\Hank\My Documents\HANK\Natural resource conservation\conservation\introduction_files\v3_outline_collapsed.htm --> plato.www.tubri.org/museum /+WWWROOT/conservation/introduction_files v3_outline_collapsed.htm
